{"name":"sortingCheck","status":"failed","statusDetails":{"known":false,"muted":false,"flaky":false,"message":"\nThe following assertion failed:\n1) [Sort products as 'Price, low to high' wasn't correctly] \nExpecting actual:\n  [34.46, 42.0, 34.8, 34.8, 34.8, 22.94, 22.68, 22.68, 22.68, 16.68, 15.48, 15.48]\nto contain exactly (and in same order):\n  [15.48, 15.48, 16.68, 22.68, 22.68, 22.68, 22.94, 34.46, 34.8, 34.8, 34.8, 42.0]\nbut there were differences at these indexes:\n  - element at index 0: expected \"15.48\" but was \"34.46\"\n  - element at index 1: expected \"15.48\" but was \"42.0\"\n  - element at index 2: expected \"16.68\" but was \"34.8\"\n  - element at index 3: expected \"22.68\" but was \"34.8\"\n  - element at index 4: expected \"22.68\" but was \"34.8\"\n  - element at index 5: expected \"22.68\" but was \"22.94\"\n  - element at index 6: expected \"22.94\" but was \"22.68\"\n  - element at index 7: expected \"34.46\" but was \"22.68\"\n  - element at index 8: expected \"34.8\" but was \"22.68\"\n  - element at index 9: expected \"34.8\" but was \"16.68\"\n  - element at index 10: expected \"34.8\" but was \"15.48\"\n  - element at index 11: expected \"42.0\" but was \"15.48\"\nat EighthCase.sortingCheck(EighthCase.java:52)\n","trace":"org.assertj.core.api.SoftAssertionError: \nThe following assertion failed:\n1) [Sort products as 'Price, low to high' wasn't correctly] \nExpecting actual:\n  [34.46, 42.0, 34.8, 34.8, 34.8, 22.94, 22.68, 22.68, 22.68, 16.68, 15.48, 15.48]\nto contain exactly (and in same order):\n  [15.48, 15.48, 16.68, 22.68, 22.68, 22.68, 22.94, 34.46, 34.8, 34.8, 34.8, 42.0]\nbut there were differences at these indexes:\n  - element at index 0: expected \"15.48\" but was \"34.46\"\n  - element at index 1: expected \"15.48\" but was \"42.0\"\n  - element at index 2: expected \"16.68\" but was \"34.8\"\n  - element at index 3: expected \"22.68\" but was \"34.8\"\n  - element at index 4: expected \"22.68\" but was \"34.8\"\n  - element at index 5: expected \"22.68\" but was \"22.94\"\n  - element at index 6: expected \"22.94\" but was \"22.68\"\n  - element at index 7: expected \"34.46\" but was \"22.68\"\n  - element at index 8: expected \"34.8\" but was \"22.68\"\n  - element at index 9: expected \"34.8\" but was \"16.68\"\n  - element at index 10: expected \"34.8\" but was \"15.48\"\n  - element at index 11: expected \"42.0\" but was \"15.48\"\nat EighthCase.sortingCheck(EighthCase.java:52)\n\n\tat org.assertj.core.error.AssertionErrorCreator.multipleSoftAssertionsError(AssertionErrorCreator.java:100)\n\tat org.assertj.core.api.AbstractSoftAssertions.assertAll(AbstractSoftAssertions.java:37)\n\tat org.assertj.core.api.AbstractSoftAssertions.assertAll(AbstractSoftAssertions.java:42)\n\tat ui.EighthCase.sortingCheck(EighthCase.java:58)\n\tat sun.reflect.NativeMethodAccessorImpl.invoke0(Native Method)\n\tat sun.reflect.NativeMethodAccessorImpl.invoke(NativeMethodAccessorImpl.java:62)\n\tat sun.reflect.DelegatingMethodAccessorImpl.invoke(DelegatingMethodAccessorImpl.java:43)\n\tat java.lang.reflect.Method.invoke(Method.java:498)\n\tat org.testng.internal.MethodInvocationHelper.invokeMethod(MethodInvocationHelper.java:133)\n\tat org.testng.internal.TestInvoker.invokeMethod(TestInvoker.java:598)\n\tat org.testng.internal.TestInvoker.invokeTestMethod(TestInvoker.java:173)\n\tat org.testng.internal.MethodRunner.runInSequence(MethodRunner.java:46)\n\tat org.testng.internal.TestInvoker$MethodInvocationAgent.invoke(TestInvoker.java:824)\n\tat org.testng.internal.TestInvoker.invokeTestMethods(TestInvoker.java:146)\n\tat org.testng.internal.TestMethodWorker.invokeTestMethods(TestMethodWorker.java:146)\n\tat org.testng.internal.TestMethodWorker.run(TestMethodWorker.java:128)\n\tat java.util.ArrayList.forEach(ArrayList.java:1257)\n\tat org.testng.TestRunner.privateRun(TestRunner.java:794)\n\tat org.testng.TestRunner.run(TestRunner.java:596)\n\tat org.testng.SuiteRunner.runTest(SuiteRunner.java:377)\n\tat org.testng.SuiteRunner.runSequentially(SuiteRunner.java:371)\n\tat org.testng.SuiteRunner.privateRun(SuiteRunner.java:332)\n\tat org.testng.SuiteRunner.run(SuiteRunner.java:276)\n\tat org.testng.SuiteRunnerWorker.runSuite(SuiteRunnerWorker.java:53)\n\tat org.testng.SuiteRunnerWorker.run(SuiteRunnerWorker.java:96)\n\tat org.testng.TestNG.runSuitesSequentially(TestNG.java:1212)\n\tat org.testng.TestNG.runSuitesLocally(TestNG.java:1134)\n\tat org.testng.TestNG.runSuites(TestNG.java:1063)\n\tat org.testng.TestNG.run(TestNG.java:1031)\n\tat com.intellij.rt.testng.IDEARemoteTestNG.run(IDEARemoteTestNG.java:66)\n\tat com.intellij.rt.testng.RemoteTestNGStarter.main(RemoteTestNGStarter.java:109)\n"},"stage":"finished","steps":[],"attachments":[],"parameters":[],"start":1679175939004,"stop":1679175964050,"uuid":"4ff8f0c2-4b65-41e0-9065-ea59eca0c129","historyId":"e845bb86eea358bbd43f95be820be4fc","fullName":"ui.EighthCase.sortingCheck","labels":[{"name":"package","value":"ui.EighthCase"},{"name":"testClass","value":"ui.EighthCase"},{"name":"testMethod","value":"sortingCheck"},{"name":"parentSuite","value":"Default Suite"},{"name":"suite","value":"final_project"},{"name":"subSuite","value":"ui.EighthCase"},{"name":"host","value":"users-MacBook-Air.local"},{"name":"thread","value":"33741@users-MacBook-Air.local.main(1)"},{"name":"framework","value":"testng"},{"name":"language","value":"java"}],"links":[]}