{"name":"checkCategories","status":"failed","statusDetails":{"known":false,"muted":false,"flaky":false,"message":"\nThe following assertion failed:\n1) ['MEN' and 'WOMEN' sub menu items not appears] \nExpecting actual:\n  [\"MEN\", \"WOMEN\"]\nto contain exactly (and in same order):\n  [\"MEN1\", \"WOMEN\"]\nbut some elements were not found:\n  [\"MEN1\"]\nand others were not expected:\n  [\"MEN\"]\nat FifthCase.checkCategories(FifthCase.java:23)\n","trace":"org.assertj.core.api.SoftAssertionError: \nThe following assertion failed:\n1) ['MEN' and 'WOMEN' sub menu items not appears] \nExpecting actual:\n  [\"MEN\", \"WOMEN\"]\nto contain exactly (and in same order):\n  [\"MEN1\", \"WOMEN\"]\nbut some elements were not found:\n  [\"MEN1\"]\nand others were not expected:\n  [\"MEN\"]\nat FifthCase.checkCategories(FifthCase.java:23)\n\n\tat org.assertj.core.error.AssertionErrorCreator.multipleSoftAssertionsError(AssertionErrorCreator.java:100)\n\tat org.assertj.core.api.AbstractSoftAssertions.assertAll(AbstractSoftAssertions.java:37)\n\tat org.assertj.core.api.AbstractSoftAssertions.assertAll(AbstractSoftAssertions.java:42)\n\tat ui.FifthCase.checkCategories(FifthCase.java:24)\n\tat sun.reflect.NativeMethodAccessorImpl.invoke0(Native Method)\n\tat sun.reflect.NativeMethodAccessorImpl.invoke(NativeMethodAccessorImpl.java:62)\n\tat sun.reflect.DelegatingMethodAccessorImpl.invoke(DelegatingMethodAccessorImpl.java:43)\n\tat java.lang.reflect.Method.invoke(Method.java:498)\n\tat org.testng.internal.MethodInvocationHelper.invokeMethod(MethodInvocationHelper.java:133)\n\tat org.testng.internal.TestInvoker.invokeMethod(TestInvoker.java:598)\n\tat org.testng.internal.TestInvoker.invokeTestMethod(TestInvoker.java:173)\n\tat org.testng.internal.MethodRunner.runInSequence(MethodRunner.java:46)\n\tat org.testng.internal.TestInvoker$MethodInvocationAgent.invoke(TestInvoker.java:824)\n\tat org.testng.internal.TestInvoker.invokeTestMethods(TestInvoker.java:146)\n\tat org.testng.internal.TestMethodWorker.invokeTestMethods(TestMethodWorker.java:146)\n\tat org.testng.internal.TestMethodWorker.run(TestMethodWorker.java:128)\n\tat java.util.ArrayList.forEach(ArrayList.java:1257)\n\tat org.testng.TestRunner.privateRun(TestRunner.java:794)\n\tat org.testng.TestRunner.run(TestRunner.java:596)\n\tat org.testng.SuiteRunner.runTest(SuiteRunner.java:377)\n\tat org.testng.SuiteRunner.runSequentially(SuiteRunner.java:371)\n\tat org.testng.SuiteRunner.privateRun(SuiteRunner.java:332)\n\tat org.testng.SuiteRunner.run(SuiteRunner.java:276)\n\tat org.testng.SuiteRunnerWorker.runSuite(SuiteRunnerWorker.java:53)\n\tat org.testng.SuiteRunnerWorker.run(SuiteRunnerWorker.java:96)\n\tat org.testng.TestNG.runSuitesSequentially(TestNG.java:1212)\n\tat org.testng.TestNG.runSuitesLocally(TestNG.java:1134)\n\tat org.testng.TestNG.runSuites(TestNG.java:1063)\n\tat org.testng.TestNG.run(TestNG.java:1031)\n\tat com.intellij.rt.testng.IDEARemoteTestNG.run(IDEARemoteTestNG.java:66)\n\tat com.intellij.rt.testng.RemoteTestNGStarter.main(RemoteTestNGStarter.java:109)\n"},"stage":"finished","steps":[],"attachments":[],"parameters":[],"start":1678886483995,"stop":1678886500620,"uuid":"595ed90f-92d4-48ac-b8ce-ad9f3752d5dd","historyId":"6378b4c73d7330ee34565457a164d99c","fullName":"ui.FifthCase.checkCategories","labels":[{"name":"package","value":"ui.FifthCase"},{"name":"testClass","value":"ui.FifthCase"},{"name":"testMethod","value":"checkCategories"},{"name":"parentSuite","value":"Default Suite"},{"name":"suite","value":"final_project"},{"name":"subSuite","value":"ui.FifthCase"},{"name":"host","value":"users-MacBook-Air.local"},{"name":"thread","value":"18694@users-MacBook-Air.local.main(1)"},{"name":"framework","value":"testng"},{"name":"language","value":"java"}],"links":[]}