{"name":"registrationWithInvalidData","status":"failed","statusDetails":{"known":false,"muted":false,"flaky":false,"message":"\nThe following 2 assertions failed:\n1) [That 'First name' highlighted but another color, except red] \nExpecting actual:\n  \"rgb(255, 76, 76) solid 3px\"\nto contain:\n  \"rgb(255, 76, 75)\" \nat FourthCase.registrationWithInvalidData(FourthCase.java:32)\n2) [Pop-up with text 'Invalid name' not appear under field] \nexpected: \"Invalid formatt.\"\n but was: \"Invalid format.\"\nat FourthCase.registrationWithInvalidData(FourthCase.java:35)\n","trace":"org.assertj.core.api.SoftAssertionError: \nThe following 2 assertions failed:\n1) [That 'First name' highlighted but another color, except red] \nExpecting actual:\n  \"rgb(255, 76, 76) solid 3px\"\nto contain:\n  \"rgb(255, 76, 75)\" \nat FourthCase.registrationWithInvalidData(FourthCase.java:32)\n2) [Pop-up with text 'Invalid name' not appear under field] \nexpected: \"Invalid formatt.\"\n but was: \"Invalid format.\"\nat FourthCase.registrationWithInvalidData(FourthCase.java:35)\n\n\tat org.assertj.core.error.AssertionErrorCreator.multipleSoftAssertionsError(AssertionErrorCreator.java:100)\n\tat org.assertj.core.api.AbstractSoftAssertions.assertAll(AbstractSoftAssertions.java:37)\n\tat org.assertj.core.api.AbstractSoftAssertions.assertAll(AbstractSoftAssertions.java:42)\n\tat ui.FourthCase.registrationWithInvalidData(FourthCase.java:37)\n\tat sun.reflect.NativeMethodAccessorImpl.invoke0(Native Method)\n\tat sun.reflect.NativeMethodAccessorImpl.invoke(NativeMethodAccessorImpl.java:62)\n\tat sun.reflect.DelegatingMethodAccessorImpl.invoke(DelegatingMethodAccessorImpl.java:43)\n\tat java.lang.reflect.Method.invoke(Method.java:498)\n\tat org.testng.internal.MethodInvocationHelper.invokeMethod(MethodInvocationHelper.java:133)\n\tat org.testng.internal.TestInvoker.invokeMethod(TestInvoker.java:598)\n\tat org.testng.internal.TestInvoker.invokeTestMethod(TestInvoker.java:173)\n\tat org.testng.internal.MethodRunner.runInSequence(MethodRunner.java:46)\n\tat org.testng.internal.TestInvoker$MethodInvocationAgent.invoke(TestInvoker.java:824)\n\tat org.testng.internal.TestInvoker.invokeTestMethods(TestInvoker.java:146)\n\tat org.testng.internal.TestMethodWorker.invokeTestMethods(TestMethodWorker.java:146)\n\tat org.testng.internal.TestMethodWorker.run(TestMethodWorker.java:128)\n\tat java.util.ArrayList.forEach(ArrayList.java:1257)\n\tat org.testng.TestRunner.privateRun(TestRunner.java:794)\n\tat org.testng.TestRunner.run(TestRunner.java:596)\n\tat org.testng.SuiteRunner.runTest(SuiteRunner.java:377)\n\tat org.testng.SuiteRunner.runSequentially(SuiteRunner.java:371)\n\tat org.testng.SuiteRunner.privateRun(SuiteRunner.java:332)\n\tat org.testng.SuiteRunner.run(SuiteRunner.java:276)\n\tat org.testng.SuiteRunnerWorker.runSuite(SuiteRunnerWorker.java:53)\n\tat org.testng.SuiteRunnerWorker.run(SuiteRunnerWorker.java:96)\n\tat org.testng.TestNG.runSuitesSequentially(TestNG.java:1212)\n\tat org.testng.TestNG.runSuitesLocally(TestNG.java:1134)\n\tat org.testng.TestNG.runSuites(TestNG.java:1063)\n\tat org.testng.TestNG.run(TestNG.java:1031)\n\tat com.intellij.rt.testng.IDEARemoteTestNG.run(IDEARemoteTestNG.java:66)\n\tat com.intellij.rt.testng.RemoteTestNGStarter.main(RemoteTestNGStarter.java:109)\n"},"stage":"finished","steps":[],"attachments":[],"parameters":[],"start":1678879206421,"stop":1678879228851,"uuid":"73c3e172-ac7e-42b6-8cd9-71dd388166f1","historyId":"c20571197e3254367477421013f495bb","fullName":"ui.FourthCase.registrationWithInvalidData","labels":[{"name":"package","value":"ui.FourthCase"},{"name":"testClass","value":"ui.FourthCase"},{"name":"testMethod","value":"registrationWithInvalidData"},{"name":"parentSuite","value":"Default Suite"},{"name":"suite","value":"final_project"},{"name":"subSuite","value":"ui.FourthCase"},{"name":"host","value":"users-MacBook-Air.local"},{"name":"thread","value":"17400@users-MacBook-Air.local.main(1)"},{"name":"framework","value":"testng"},{"name":"language","value":"java"}],"links":[]}