{"name":"checkPopularProducts","status":"failed","statusDetails":{"known":false,"muted":false,"flaky":false,"message":"\nThe following assertion failed:\n1) [More than 8 products exist in 'POPULAR PRODUCTS' section] \nexpected: 8\n but was: 0\nat SixCase.checkPopularProducts(SixCase.java:20)\n","trace":"org.assertj.core.api.SoftAssertionError: \nThe following assertion failed:\n1) [More than 8 products exist in 'POPULAR PRODUCTS' section] \nexpected: 8\n but was: 0\nat SixCase.checkPopularProducts(SixCase.java:20)\n\n\tat org.assertj.core.error.AssertionErrorCreator.multipleSoftAssertionsError(AssertionErrorCreator.java:100)\n\tat org.assertj.core.api.AbstractSoftAssertions.assertAll(AbstractSoftAssertions.java:37)\n\tat org.assertj.core.api.AbstractSoftAssertions.assertAll(AbstractSoftAssertions.java:42)\n\tat ui.SixCase.checkPopularProducts(SixCase.java:33)\n\tat java.base/jdk.internal.reflect.DirectMethodHandleAccessor.invoke(DirectMethodHandleAccessor.java:104)\n\tat java.base/java.lang.reflect.Method.invoke(Method.java:578)\n\tat org.testng.internal.MethodInvocationHelper.invokeMethod(MethodInvocationHelper.java:133)\n\tat org.testng.internal.TestInvoker.invokeMethod(TestInvoker.java:598)\n\tat org.testng.internal.TestInvoker.invokeTestMethod(TestInvoker.java:173)\n\tat org.testng.internal.MethodRunner.runInSequence(MethodRunner.java:46)\n\tat org.testng.internal.TestInvoker$MethodInvocationAgent.invoke(TestInvoker.java:824)\n\tat org.testng.internal.TestInvoker.invokeTestMethods(TestInvoker.java:146)\n\tat org.testng.internal.TestMethodWorker.invokeTestMethods(TestMethodWorker.java:146)\n\tat org.testng.internal.TestMethodWorker.run(TestMethodWorker.java:128)\n\tat java.base/java.util.ArrayList.forEach(ArrayList.java:1511)\n\tat org.testng.TestRunner.privateRun(TestRunner.java:794)\n\tat org.testng.TestRunner.run(TestRunner.java:596)\n\tat org.testng.SuiteRunner.runTest(SuiteRunner.java:377)\n\tat org.testng.SuiteRunner.access$000(SuiteRunner.java:28)\n\tat org.testng.SuiteRunner$SuiteWorker.run(SuiteRunner.java:418)\n\tat org.testng.internal.thread.ThreadUtil.lambda$execute$0(ThreadUtil.java:64)\n\tat java.base/java.util.concurrent.FutureTask.run(FutureTask.java:317)\n\tat java.base/java.util.concurrent.ThreadPoolExecutor.runWorker(ThreadPoolExecutor.java:1144)\n\tat java.base/java.util.concurrent.ThreadPoolExecutor$Worker.run(ThreadPoolExecutor.java:642)\n\tat java.base/java.lang.Thread.run(Thread.java:1589)\n"},"stage":"finished","steps":[{"name":"Switch to Home page frame","status":"passed","stage":"finished","steps":[],"attachments":[],"parameters":[],"start":1679257995550,"stop":1679257995567}],"attachments":[],"parameters":[],"start":1679257995549,"stop":1679257996169,"uuid":"a2e5efe4-e75d-463d-94d8-ade48befd4b3","historyId":"1d1e6ea6fe0f1c9e37b047b18bccb92f","fullName":"ui.SixCase.checkPopularProducts","labels":[{"name":"package","value":"ui.SixCase"},{"name":"testClass","value":"ui.SixCase"},{"name":"testMethod","value":"checkPopularProducts"},{"name":"parentSuite","value":"Test"},{"name":"suite","value":"Test #6"},{"name":"subSuite","value":"ui.SixCase"},{"name":"host","value":"users-MacBook-Air.local"},{"name":"thread","value":"37427@users-MacBook-Air.local.TestNG-tests-3(36)"},{"name":"framework","value":"testng"},{"name":"language","value":"java"}],"links":[]}