{"name":"subscribeWithInvalidEmail","status":"failed","statusDetails":{"known":false,"muted":false,"flaky":false,"message":"\nThe following 2 assertions failed:\n1) [Footer subscribe button value on Main page is wrong] \nexpected: \"Subscribe1\"\n but was: \"Subscribe\"\nat FirstCase.subscribeWithInvalidEmail(FirstCase.java:26)\n2) [Footer subscribe button text on Main page is wrong] \nexpected: \"uppercase1\"\n but was: \"uppercase\"\nat FirstCase.subscribeWithInvalidEmail(FirstCase.java:31)\n","trace":"org.assertj.core.api.SoftAssertionError: \nThe following 2 assertions failed:\n1) [Footer subscribe button value on Main page is wrong] \nexpected: \"Subscribe1\"\n but was: \"Subscribe\"\nat FirstCase.subscribeWithInvalidEmail(FirstCase.java:26)\n2) [Footer subscribe button text on Main page is wrong] \nexpected: \"uppercase1\"\n but was: \"uppercase\"\nat FirstCase.subscribeWithInvalidEmail(FirstCase.java:31)\n\n\tat org.assertj.core.error.AssertionErrorCreator.multipleSoftAssertionsError(AssertionErrorCreator.java:100)\n\tat org.assertj.core.api.AbstractSoftAssertions.assertAll(AbstractSoftAssertions.java:37)\n\tat org.assertj.core.api.AbstractSoftAssertions.assertAll(AbstractSoftAssertions.java:42)\n\tat ui.FirstCase.subscribeWithInvalidEmail(FirstCase.java:32)\n\tat sun.reflect.NativeMethodAccessorImpl.invoke0(Native Method)\n\tat sun.reflect.NativeMethodAccessorImpl.invoke(NativeMethodAccessorImpl.java:62)\n\tat sun.reflect.DelegatingMethodAccessorImpl.invoke(DelegatingMethodAccessorImpl.java:43)\n\tat java.lang.reflect.Method.invoke(Method.java:498)\n\tat org.testng.internal.MethodInvocationHelper.invokeMethod(MethodInvocationHelper.java:133)\n\tat org.testng.internal.TestInvoker.invokeMethod(TestInvoker.java:598)\n\tat org.testng.internal.TestInvoker.invokeTestMethod(TestInvoker.java:173)\n\tat org.testng.internal.MethodRunner.runInSequence(MethodRunner.java:46)\n\tat org.testng.internal.TestInvoker$MethodInvocationAgent.invoke(TestInvoker.java:824)\n\tat org.testng.internal.TestInvoker.invokeTestMethods(TestInvoker.java:146)\n\tat org.testng.internal.TestMethodWorker.invokeTestMethods(TestMethodWorker.java:146)\n\tat org.testng.internal.TestMethodWorker.run(TestMethodWorker.java:128)\n\tat java.util.ArrayList.forEach(ArrayList.java:1257)\n\tat org.testng.TestRunner.privateRun(TestRunner.java:794)\n\tat org.testng.TestRunner.run(TestRunner.java:596)\n\tat org.testng.SuiteRunner.runTest(SuiteRunner.java:377)\n\tat org.testng.SuiteRunner.runSequentially(SuiteRunner.java:371)\n\tat org.testng.SuiteRunner.privateRun(SuiteRunner.java:332)\n\tat org.testng.SuiteRunner.run(SuiteRunner.java:276)\n\tat org.testng.SuiteRunnerWorker.runSuite(SuiteRunnerWorker.java:53)\n\tat org.testng.SuiteRunnerWorker.run(SuiteRunnerWorker.java:96)\n\tat org.testng.TestNG.runSuitesSequentially(TestNG.java:1212)\n\tat org.testng.TestNG.runSuitesLocally(TestNG.java:1134)\n\tat org.testng.TestNG.runSuites(TestNG.java:1063)\n\tat org.testng.TestNG.run(TestNG.java:1031)\n\tat com.intellij.rt.testng.IDEARemoteTestNG.run(IDEARemoteTestNG.java:66)\n\tat com.intellij.rt.testng.RemoteTestNGStarter.main(RemoteTestNGStarter.java:109)\n"},"stage":"finished","steps":[],"attachments":[],"parameters":[],"start":1677850071964,"stop":1677850080483,"uuid":"dd028e4a-a4bb-41d8-8e8e-30fdf61c55a4","historyId":"77e70181c07dbb78a9f54cd4f121466","fullName":"ui.FirstCase.subscribeWithInvalidEmail","labels":[{"name":"package","value":"ui.FirstCase"},{"name":"testClass","value":"ui.FirstCase"},{"name":"testMethod","value":"subscribeWithInvalidEmail"},{"name":"parentSuite","value":"Default Suite"},{"name":"suite","value":"FinalTask"},{"name":"subSuite","value":"ui.FirstCase"},{"name":"host","value":"MacBook-Pro-Mac.local"},{"name":"thread","value":"4728@MacBook-Pro-Mac.local.main(1)"},{"name":"framework","value":"testng"},{"name":"language","value":"java"}],"links":[]}